2026-04-29 19:34:31,573 - created test_folder
2026-04-29 19:35:42,065 - created test_folder
2026-04-29 19:35:42,072 - Moved clip.mp4 ->  Videos/
2026-04-29 19:35:42,075 - Moved notes.txt ->  Documents/
2026-04-29 19:35:42,076 - Moved photo.jpg ->  images/
2026-04-29 19:35:42,078 - Moved report.pdf ->  Documents/
2026-04-29 19:35:42,078 - Organization complete!
2026-04-29 19:36:22,270 - created test_folder
2026-04-29 19:36:22,275 - Moved banner.png ->  images/
2026-04-29 19:36:22,280 - Moved clip.mp4 ->  Videos/
2026-04-29 19:36:22,284 - Moved notes.txt ->  Documents/
2026-04-29 19:36:22,288 - Moved photo.jpg ->  images/
2026-04-29 19:36:22,291 - Moved report.pdf ->  Documents/
2026-04-29 19:36:22,291 - Organization complete!
2026-04-29 19:41:47,356 - created test_folder
2026-04-29 19:41:47,365 - Moved animation.gif ->  images/
2026-04-29 19:41:47,368 - Moved banner.png ->  images/
2026-04-29 19:41:47,373 - Moved clip.mp4 ->  Videos/
2026-04-29 19:41:47,375 - Moved doc.docx ->  Documents/
2026-04-29 19:41:47,376 - Moved image.bmp ->  images/
2026-04-29 19:41:47,378 - Moved movie.mkv ->  Videos/
2026-04-29 19:41:47,381 - Moved notes.txt ->  Documents/
2026-04-29 19:41:47,386 - Moved photo.jpg ->  images/
2026-04-29 19:41:47,387 - Moved pod.flac ->  Music/
2026-04-29 19:41:47,388 - Moved podcast.wav ->  Music/
2026-04-29 19:41:47,392 - Moved report.pdf ->  Documents/
2026-04-29 19:41:47,394 - Moved sheet.xlsx ->  Documents/
2026-04-29 19:41:47,397 - Moved shot.avi ->  Videos/
2026-04-29 19:41:47,404 - Moved song.mp3 ->  Music/
2026-04-29 19:41:47,404 - Organization complete!
2026-04-29 19:43:03,619 - created test_folder
2026-04-29 19:43:03,630 - Moved animation.gif ->  images/
2026-04-29 19:43:03,633 - Moved banner.png ->  images/
2026-04-29 19:43:03,636 - Moved clip.mp4 ->  Videos/
2026-04-29 19:43:03,637 - Moved compressed.rar ->  Others/
2026-04-29 19:43:03,639 - Moved doc.docx ->  Documents/
2026-04-29 19:43:03,642 - Moved image.bmp ->  images/
2026-04-29 19:43:03,645 - Moved movie.mkv ->  Videos/
2026-04-29 19:43:03,648 - Moved notes.txt ->  Documents/
2026-04-29 19:43:03,652 - Moved photo.jpg ->  images/
2026-04-29 19:43:03,655 - Moved pod.flac ->  Music/
2026-04-29 19:43:03,658 - Moved podcast.wav ->  Music/
2026-04-29 19:43:03,661 - Moved report.pdf ->  Documents/
2026-04-29 19:43:03,665 - Moved sheet.xlsx ->  Documents/
2026-04-29 19:43:03,669 - Moved shot.avi ->  Videos/
2026-04-29 19:43:03,672 - Moved song.mp3 ->  Music/
2026-04-29 19:43:03,672 - Organization complete!
2026-04-29 19:45:29,609 - created test_folder
2026-04-29 19:45:29,619 - Moved animation.gif ->  images/
2026-04-29 19:45:29,620 - Moved banner.png ->  images/
2026-04-29 19:45:29,622 - Moved clip.mp4 ->  Videos/
2026-04-29 19:45:29,623 - Moved compressed.rar ->  Others/
2026-04-29 19:45:29,624 - Moved doc.docx ->  Documents/
2026-04-29 19:45:29,625 - Moved image.bmp ->  images/
2026-04-29 19:45:29,626 - Moved movie.mkv ->  Videos/
2026-04-29 19:45:29,629 - Moved notes.txt ->  Documents/
2026-04-29 19:45:29,630 - Moved photo.jpg ->  images/
2026-04-29 19:45:29,632 - Moved pod.flac ->  Music/
2026-04-29 19:45:29,634 - Moved podcast.wav ->  Music/
2026-04-29 19:45:29,635 - Moved report.pdf ->  Documents/
2026-04-29 19:45:29,637 - Moved sheet.xlsx ->  Documents/
2026-04-29 19:45:29,638 - Moved shot.avi ->  Videos/
2026-04-29 19:45:29,639 - Moved song.mp3 ->  Music/
2026-04-29 19:45:29,639 - Organization complete!
